0 info it worked if it ends with ok
1 verbose cli [ 'E:\\node\\node.exe',
1 verbose cli   'E:\\node\\node_modules\\npm\\bin\\npm-cli.js',
1 verbose cli   'start' ]
2 info using npm@3.10.10
3 info using node@v6.11.3
4 verbose run-script [ 'prestart', 'start', 'poststart' ]
5 info lifecycle nodeapi@0.0.0~prestart: nodeapi@0.0.0
6 silly lifecycle nodeapi@0.0.0~prestart: no script for prestart, continuing
7 info lifecycle nodeapi@0.0.0~start: nodeapi@0.0.0
8 verbose lifecycle nodeapi@0.0.0~start: unsafe-perm in lifecycle true
9 verbose lifecycle nodeapi@0.0.0~start: PATH: E:\node\node_modules\npm\bin\node-gyp-bin;E:\work_git\nodeApi\node_modules\.bin;C:\ProgramData\Oracle\Java\javapath;C:\WINDOWS\system32;C:\WINDOWS;C:\WINDOWS\System32\Wbem;C:\WINDOWS\System32\WindowsPowerShell\v1.0\;E:\node\;C:\Program Files\Git\cmd;D:\scss\Ruby25-x64\bin;C:\Users\Administrator\AppData\Local\Microsoft\WindowsApps;C:\Users\Administrator\AppData\Roaming\npm;C:\Users\Administrator\AppData\Local\GitHubDesktop\bin;C:\Users\Administrator\AppData\Local\Atlassian\SourceTree\git_local\mingw32\bin;D:\heroku-cli\Heroku\bin;C:\Users\Administrator\AppData\Local\Programs\Fiddler;D:\phpStudy\tools\composer.bat;D:\phpStudy\php55n;
10 verbose lifecycle nodeapi@0.0.0~start: CWD: E:\work_git\nodeApi
11 silly lifecycle nodeapi@0.0.0~start: Args: [ '/d /s /c', 'node-dev ./bin/www' ]
12 silly lifecycle nodeapi@0.0.0~start: Returned: code: 3221225786  signal: null
13 info lifecycle nodeapi@0.0.0~start: Failed to exec start script
14 verbose stack Error: nodeapi@0.0.0 start: `node-dev ./bin/www`
14 verbose stack Exit status 3221225786
14 verbose stack     at EventEmitter.<anonymous> (E:\node\node_modules\npm\lib\utils\lifecycle.js:255:16)
14 verbose stack     at emitTwo (events.js:106:13)
14 verbose stack     at EventEmitter.emit (events.js:191:7)
14 verbose stack     at ChildProcess.<anonymous> (E:\node\node_modules\npm\lib\utils\spawn.js:40:14)
14 verbose stack     at emitTwo (events.js:106:13)
14 verbose stack     at ChildProcess.emit (events.js:191:7)
14 verbose stack     at maybeClose (internal/child_process.js:920:16)
14 verbose stack     at Process.ChildProcess._handle.onexit (internal/child_process.js:230:5)
15 verbose pkgid nodeapi@0.0.0
16 verbose cwd E:\work_git\nodeApi
17 error Windows_NT 10.0.16299
18 error argv "E:\\node\\node.exe" "E:\\node\\node_modules\\npm\\bin\\npm-cli.js" "start"
19 error node v6.11.3
20 error npm  v3.10.10
21 error code ELIFECYCLE
22 error nodeapi@0.0.0 start: `node-dev ./bin/www`
22 error Exit status 3221225786
23 error Failed at the nodeapi@0.0.0 start script 'node-dev ./bin/www'.
23 error Make sure you have the latest version of node.js and npm installed.
23 error If you do, this is most likely a problem with the nodeapi package,
23 error not with npm itself.
23 error Tell the author that this fails on your system:
23 error     node-dev ./bin/www
23 error You can get information on how to open an issue for this project with:
23 error     npm bugs nodeapi
23 error Or if that isn't available, you can get their info via:
23 error     npm owner ls nodeapi
23 error There is likely additional logging output above.
24 verbose exit [ 1, true ]
